c:\users\lawil\source\repos\lmnet-v2.0\lmnet\lmnet\debug\lmnet.pch
c:\users\lawil\source\repos\lmnet-v2.0\lmnet\lmnet\debug\vc141.pdb
c:\users\lawil\source\repos\lmnet-v2.0\lmnet\lmnet\debug\vc141.idb
c:\users\lawil\source\repos\lmnet-v2.0\lmnet\lmnet\debug\stdafx.obj
c:\users\lawil\source\repos\lmnet-v2.0\lmnet\lmnet\debug\dllmain.obj
c:\users\lawil\source\repos\lmnet-v2.0\lmnet\lmnet\debug\lmbltcp.obj
c:\users\lawil\source\repos\lmnet-v2.0\lmnet\lmnet\debug\lmbltcpclient.obj
c:\users\lawil\source\repos\lmnet-v2.0\lmnet\lmnet\debug\lmbltcpserver.obj
c:\users\lawil\source\repos\lmnet-v2.0\lmnet\lmnet\debug\lmnet.obj
c:\users\lawil\source\repos\lmnet-v2.0\lmnet\debug\lmnet.ilk
c:\users\lawil\source\repos\lmnet-v2.0\lmnet\debug\lmnet.dll
c:\users\lawil\source\repos\lmnet-v2.0\lmnet\debug\lmnet.pdb
c:\users\lawil\source\repos\lmnet-v2.0\lmnet\debug\lmnet.lib
c:\users\lawil\source\repos\lmnet-v2.0\lmnet\debug\lmnet.exp
c:\users\lawil\source\repos\lmnet-v2.0\lmnet\lmnet\debug\lmnet.tlog\cl.command.1.tlog
c:\users\lawil\source\repos\lmnet-v2.0\lmnet\lmnet\debug\lmnet.tlog\cl.read.1.tlog
c:\users\lawil\source\repos\lmnet-v2.0\lmnet\lmnet\debug\lmnet.tlog\cl.write.1.tlog
c:\users\lawil\source\repos\lmnet-v2.0\lmnet\lmnet\debug\lmnet.tlog\link.command.1.tlog
c:\users\lawil\source\repos\lmnet-v2.0\lmnet\lmnet\debug\lmnet.tlog\link.read.1.tlog
c:\users\lawil\source\repos\lmnet-v2.0\lmnet\lmnet\debug\lmnet.tlog\link.write.1.tlog
c:\users\lawil\source\repos\lmnet-v2.0\lmnet\lmnet\debug\lmnet.tlog\lmnet.write.1u.tlog
